2.50 1.12
3.50 1.122.50 1.12
3.50 1.122.50 1.12
3.50 1.122.50 1.12
3.50 1.122.50 1.12
3.50 1.122.50 1.12
3.50 1.122.50 1.12
3.50 1.122.50 1.12
3.50 1.122.50 1.12
3.50 1.122.50 1.12
3.50 1.122.50 1.12
3.50 1.122.50 1.12
3.50 1.122.50 1.12
3.50 1.122.50 1.12
3.50 1.122.50 1.12
3.50 1.122.50 1.12
3.50 1.122.50 1.12
3.50 1.122.50 1.12
3.50 1.122.50 1.12
3.50 1.122.50 1.12
3.50 1.122.50 1.12
3.50 1.122.50 1.12
3.50 1.122.50 1.12
3.50 1.122.50 1.12
3.50 1.122.50 1.12
3.50 1.122.50 1.12
3.50 1.122.50 1.12
3.50 1.122.50 1.12
3.50 1.122.50 1.12
3.50 1.122.50 1.12
3.50 1.122.50 1.12
3.50 1.122.50 1.12
3.50 1.122.50 1.12
3.50 1.122.50 1.12
3.50 1.122.50 1.12
3.50 1.122.50 1.12
3.50 1.122.50 1.12
3.50 1.122.50 1.12
3.50 1.122.50 1.12
3.50 1.122.50 1.12
3.50 1.122.50 1.12
3.50 1.122.50 1.12
3.50 1.122.50 1.12
3.50 1.122.50 1.12
3.50 1.122.50 1.12
3.50 1.122.50 1.12
3.50 1.122.50 1.12
3.50 1.122.50 1.12
3.50 1.122.50 1.12
3.50 1.122.50 1.12
3.50 1.12
