SYS 1
SYS 2
USR 3
SYM match;4
SYS 5
USR 6
SYM match,7
USR 8
SYM match;9
SYS 10
USR 11
SYM match[12
USR 13
SYM match]14
SYM match;15
SYS 16
USR 17
SYM match[18
USR 19
SYM match]20
SYM match;21
SYS 22
USR 23
SYM match[24
USR 25
SYM match]26
SYM match[27
USR 28
SYM match]29
SYM match;30
SYS 31
USR 32
SYM match(33
SYS 34
USR 35
SYM match,36
SYS 37
USR 38
SYM match)39
SYM match{40
USR 41
SYM match(42
USR 43
SYM match,44
SYM match-45
NUM 46
SYM match,47
SYS 48
SYM match(49
USR 50
SYM match)51
SYM match)52
SYM match;53
USR 54
SYM match(55
USR 56
SYM match,57
USR 58
SYM match,59
SYS 60
SYM match(61
USR 62
SYM match)63
SYM match)64
SYM match;65
USR 66
SYM match<67
SYS 68
SYM match>69
USR 70
SYM match;71
USR 72
SYM match[73
USR 74
SYM match]75
SYM match=76
USR 77
SYM match;78
USR 79
SYM match.80
USR 81
SYM match(82
USR 83
SYM match)84
SYM match;85
SYS 86
SYM match(87
SYM match!88
USR 89
SYM match.90
USR 91
SYM match(92
SYM match)93
SYM match)94
SYM match{95
SYS 96
USR 97
SYM match=98
USR 99
SYM match.100
USR 101
SYM match(102
SYM match)103
SYM match;104
USR 105
SYM match.106
USR 107
SYM match(108
SYM match)109
SYM match;110
SYS 111
SYM match(112
USR 113
SYM match==114
USR 115
SYM match)116
SYS 117
SYM match;118
SYS 119
SYM match(120
SYS 121
USR 122
SYM match=123
NUM 124
SYM match;125
USR 126
SYM match<127
USR 128
SYM match;129
USR 130
SYM match++131
SYM match)132
SYM match{133
SYS 134
SYM match(135
USR 136
SYM match!=137
USR 138
SYM match&&139
USR 140
SYM match[141
USR 142
SYM match]143
SYM match[144
USR 145
SYM match]146
SYM match>147
NUM 148
SYM match&&149
USR 150
SYM match[151
USR 152
SYM match]153
SYM match==154
SYM match-155
NUM 156
SYM match)157
SYM match{158
USR 159
SYM match.160
USR 161
SYM match(162
USR 163
SYM match)164
SYM match;165
USR 166
SYM match[167
USR 168
SYM match]169
SYM match=170
USR 171
SYM match;172
USR 173
SYM match[174
USR 175
SYM match]176
SYM match=177
USR 178
SYM match(179
USR 180
SYM match[181
USR 182
SYM match]183
SYM match,184
USR 185
SYM match[186
USR 187
SYM match]188
SYM match[189
USR 190
SYM match]191
SYM match)192
SYM match;193
SYM match}194
SYM match}195
SYM match}196
SYS 197
SYM match(198
USR 199
SYM match[200
USR 201
SYM match]202
SYM match==203
SYM match-204
NUM 205
SYM match)206
SYS 207
SYM match-208
NUM 209
SYM match;210
SYS 211
SYS 212
USR 213
SYM match[214
USR 215
SYM match]216
SYM match;217
SYM match}218
SYS 219
USR 220
SYM match(221
SYS 222
USR 223
SYM match,224
SYS 225
USR 226
SYM match)227
SYM match{228
SYS 229
USR 230
SYM match=231
NUM 232
SYM match;233
SYS 234
USR 235
SYM match=236
NUM 237
SYM match;238
SYS 239
SYM match(240
SYM match(241
USR 242
SYM match=243
USR 244
SYM match(245
USR 246
SYM match,247
USR 248
SYM match)249
SYM match)250
SYM match!=251
SYM match-252
NUM 253
SYM match)254
SYM match{255
SYS 256
USR 257
SYM match=258
USR 259
SYM match;260
SYS 261
SYM match(262
USR 263
SYM match!=264
USR 265
SYM match)266
SYM match{267
USR 268
SYM match[269
USR 270
SYM match[271
USR 272
SYM match]273
SYM match]274
SYM match[275
USR 276
SYM match]277
SYM match-=278
USR 279
SYM match;280
USR 281
SYM match[282
USR 283
SYM match]284
SYM match[285
USR 286
SYM match[287
USR 288
SYM match]289
SYM match]290
SYM match+=291
USR 292
SYM match;293
USR 294
SYM match=295
USR 296
SYM match[297
USR 298
SYM match]299
SYM match;300
SYM match}301
USR 302
SYM match+=303
USR 304
SYM match;305
SYM match}306
SYS 307
USR 308
SYM match;309
SYM match}310
SYS 311
USR 312
SYM match(313
SYS 314
USR 315
SYM match,316
SYS 317
USR 318
SYM match,319
SYS 320
USR 321
SYM match,322
SYS 323
USR 324
SYM match)325
SYM match{326
SYS 327
SYM match(328
USR 329
SYM match<=330
NUM 331
SYM match||332
USR 333
SYM match<=334
NUM 335
SYM match||336
USR 337
SYM match>338
USR 339
SYM match||340
USR 341
SYM match>342
USR 343
SYM match)344
SYS 345
SYM match-346
NUM 347
SYM match;348
SYS 349
SYS 350
USR 351
SYM match*352
USR 353
SYM match+354
SYM match(355
USR 356
SYM match-357
NUM 358
SYM match)359
SYM match*360
USR 361
SYM match+362
USR 363
SYM match;364
SYM match}365
SYS 366
USR 367
SYM match(368
SYS 369
USR 370
SYM match,371
SYS 372
USR 373
SYM match,374
SYS 375
USR 376
SYM match,377
SYS 378
USR 379
SYM match)380
SYM match{381
SYS 382
SYM match(383
USR 384
SYM match<=385
NUM 386
SYM match||387
USR 388
SYM match<=389
NUM 390
SYM match||391
USR 392
SYM match>393
USR 394
SYM match||395
USR 396
SYM match>397
USR 398
SYM match)399
SYS 400
SYM match-401
NUM 402
SYM match;403
SYS 404
SYS 405
SYM match(406
USR 407
SYM match-408
NUM 409
SYM match)410
SYM match*411
USR 412
SYM match+413
USR 414
SYM match;415
SYM match}416
SYS 417
USR 418
SYM match(419
SYS 420
USR 421
SYM match,422
SYS 423
USR 424
SYM match)425
SYM match{426
SYS 427
SYM match(428
SYS 429
USR 430
SYM match=431
NUM 432
SYM match;433
USR 434
SYM match<=435
USR 436
SYM match;437
USR 438
SYM match++439
SYM match)440
SYM match{441
SYS 442
SYM match(443
SYS 444
USR 445
SYM match=446
NUM 447
SYM match;448
USR 449
SYM match<=450
USR 451
SYM match;452
USR 453
SYM match++454
SYM match)455
SYM match{456
SYS 457
USR 458
SYM match=459
USR 460
SYM match(461
USR 462
SYM match,463
USR 464
SYM match,465
USR 466
SYM match,467
USR 468
SYM match)469
SYM match;470
SYS 471
USR 472
SYM match=473
USR 474
SYM match(475
USR 476
SYM match,477
USR 478
SYM match,479
USR 480
SYM match,481
USR 482
SYM match)483
SYM match;484
SYS 485
USR 486
NUM 487
SYM match=488
USR 489
SYM match(490
USR 491
SYM match,492
USR 493
SYM match,494
USR 495
SYM match,496
USR 497
SYM match+498
NUM 499
SYM match)500
SYM match;501
SYS 502
USR 503
NUM 504
SYM match=505
USR 506
SYM match(507
USR 508
SYM match,509
USR 510
SYM match,511
USR 512
SYM match,513
USR 514
SYM match-515
NUM 516
SYM match)517
SYM match;518
SYS 519
USR 520
NUM 521
SYM match=522
USR 523
SYM match(524
USR 525
SYM match,526
USR 527
SYM match,528
USR 529
SYM match-530
NUM 531
SYM match,532
USR 533
SYM match)534
SYM match;535
SYS 536
USR 537
NUM 538
SYM match=539
USR 540
SYM match(541
USR 542
SYM match,543
USR 544
SYM match,545
USR 546
SYM match+547
NUM 548
SYM match,549
USR 550
SYM match)551
SYM match;552
USR 553
SYM match[554
USR 555
SYM match]556
SYM match[557
USR 558
SYM match]559
SYM match=560
NUM 561
SYM match;562
SYS 563
SYM match(564
USR 565
NUM 566
SYM match!=567
SYM match-568
NUM 569
SYM match)570
USR 571
SYM match[572
USR 573
SYM match]574
SYM match[575
USR 576
NUM 577
SYM match]578
SYM match=579
NUM 580
SYM match;581
SYS 582
SYM match(583
USR 584
NUM 585
SYM match!=586
SYM match-587
NUM 588
SYM match)589
USR 590
SYM match[591
USR 592
SYM match]593
SYM match[594
USR 595
NUM 596
SYM match]597
SYM match=598
NUM 599
SYM match;600
SYS 601
SYM match(602
USR 603
NUM 604
SYM match!=605
SYM match-606
NUM 607
SYM match)608
USR 609
SYM match[610
USR 611
SYM match]612
SYM match[613
USR 614
NUM 615
SYM match]616
SYM match=617
NUM 618
SYM match;619
SYS 620
SYM match(621
USR 622
NUM 623
SYM match!=624
SYM match-625
NUM 626
SYM match)627
USR 628
SYM match[629
USR 630
SYM match]631
SYM match[632
USR 633
NUM 634
SYM match]635
SYM match=636
NUM 637
SYM match;638
SYM match}639
SYM match}640
SYM match}641
