SYS 1
SYS 2
USR 3
SYM 4
SYS 5
USR 6
SYM 7
USR 8
SYM 9
SYS 10
USR 11
SYM 12
USR 13
SYM 14
SYM 15
SYS 16
USR 17
SYM 18
USR 19
SYM 20
SYM 21
SYS 22
USR 23
SYM 24
USR 25
SYM 26
SYM 27
USR 28
SYM 29
SYM 30
SYS 31
USR 32
SYM 33
SYS 34
USR 35
SYM 36
SYS 37
USR 38
SYM 39
SYM 40
USR 41
SYM 42
USR 43
SYM 44
SYM 45
NUM 46
SYM 47
SYS 48
SYM 49
USR 50
SYM 51
SYM 52
SYM 53
USR 54
SYM 55
USR 56
SYM 57
USR 58
SYM 59
SYS 60
SYM 61
USR 62
SYM 63
SYM 64
SYM 65
USR 66
SYM 67
SYS 68
SYM 69
USR 70
SYM 71
USR 72
SYM 73
USR 74
SYM 75
SYM 76
USR 77
SYM 78
USR 79
SYM 80
USR 81
SYM 82
USR 83
SYM 84
SYM 85
SYS 86
SYM 87
SYM 88
USR 89
SYM 90
USR 91
SYM 92
SYM 93
SYM 94
SYM 95
SYS 96
USR 97
SYM 98
USR 99
SYM 100
USR 101
SYM 102
SYM 103
SYM 104
USR 105
SYM 106
USR 107
SYM 108
SYM 109
SYM 110
SYS 111
SYM 112
USR 113
SYM 114
USR 115
SYM 116
SYS 117
SYM 118
SYS 119
SYM 120
SYS 121
USR 122
SYM 123
NUM 124
SYM 125
USR 126
SYM 127
USR 128
SYM 129
USR 130
SYM 131
SYM 132
SYM 133
SYS 134
SYM 135
USR 136
SYM 137
USR 138
SYM 139
USR 140
SYM 141
USR 142
SYM 143
SYM 144
USR 145
SYM 146
SYM 147
NUM 148
SYM 149
USR 150
SYM 151
USR 152
SYM 153
SYM 154
SYM 155
NUM 156
SYM 157
SYM 158
USR 159
SYM 160
USR 161
SYM 162
USR 163
SYM 164
SYM 165
USR 166
SYM 167
USR 168
SYM 169
SYM 170
USR 171
SYM 172
USR 173
SYM 174
USR 175
SYM 176
SYM 177
USR 178
SYM 179
USR 180
SYM 181
USR 182
SYM 183
SYM 184
USR 185
SYM 186
USR 187
SYM 188
SYM 189
USR 190
SYM 191
SYM 192
SYM 193
SYM 194
SYM 195
SYM 196
SYS 197
SYM 198
USR 199
SYM 200
USR 201
SYM 202
SYM 203
SYM 204
NUM 205
SYM 206
SYS 207
SYM 208
NUM 209
SYM 210
SYS 211
SYS 212
USR 213
SYM 214
USR 215
SYM 216
SYM 217
SYM 218
SYS 219
USR 220
SYM 221
SYS 222
USR 223
SYM 224
SYS 225
USR 226
SYM 227
SYM 228
SYS 229
USR 230
SYM 231
NUM 232
SYM 233
SYS 234
USR 235
SYM 236
NUM 237
SYM 238
SYS 239
SYM 240
SYM 241
USR 242
SYM 243
USR 244
SYM 245
USR 246
SYM 247
USR 248
SYM 249
SYM 250
SYM 251
SYM 252
NUM 253
SYM 254
SYM 255
SYS 256
USR 257
SYM 258
USR 259
SYM 260
SYS 261
SYM 262
USR 263
SYM 264
USR 265
SYM 266
SYM 267
USR 268
SYM 269
USR 270
SYM 271
USR 272
SYM 273
SYM 274
SYM 275
USR 276
SYM 277
SYM 278
USR 279
SYM 280
USR 281
SYM 282
USR 283
SYM 284
SYM 285
USR 286
SYM 287
USR 288
SYM 289
SYM 290
SYM 291
USR 292
SYM 293
USR 294
SYM 295
USR 296
SYM 297
USR 298
SYM 299
SYM 300
SYM 301
USR 302
SYM 303
USR 304
SYM 305
SYM 306
SYS 307
USR 308
SYM 309
SYM 310
SYS 311
USR 312
SYM 313
SYS 314
USR 315
SYM 316
SYS 317
USR 318
SYM 319
SYS 320
USR 321
SYM 322
SYS 323
USR 324
SYM 325
SYM 326
SYS 327
SYM 328
USR 329
SYM 330
NUM 331
SYM 332
USR 333
SYM 334
NUM 335
SYM 336
USR 337
SYM 338
USR 339
SYM 340
USR 341
SYM 342
USR 343
SYM 344
SYS 345
SYM 346
NUM 347
SYM 348
SYS 349
SYS 350
USR 351
SYM 352
USR 353
SYM 354
SYM 355
USR 356
SYM 357
NUM 358
SYM 359
SYM 360
USR 361
SYM 362
USR 363
SYM 364
SYM 365
SYS 366
USR 367
SYM 368
SYS 369
USR 370
SYM 371
SYS 372
USR 373
SYM 374
SYS 375
USR 376
SYM 377
SYS 378
USR 379
SYM 380
SYM 381
SYS 382
SYM 383
USR 384
SYM 385
NUM 386
SYM 387
USR 388
SYM 389
NUM 390
SYM 391
USR 392
SYM 393
USR 394
SYM 395
USR 396
SYM 397
USR 398
SYM 399
SYS 400
SYM 401
NUM 402
SYM 403
SYS 404
SYS 405
SYM 406
USR 407
SYM 408
NUM 409
SYM 410
SYM 411
USR 412
SYM 413
USR 414
SYM 415
SYM 416
SYS 417
USR 418
SYM 419
SYS 420
USR 421
SYM 422
SYS 423
USR 424
SYM 425
SYM 426
SYS 427
SYM 428
SYS 429
USR 430
SYM 431
NUM 432
SYM 433
USR 434
SYM 435
USR 436
SYM 437
USR 438
SYM 439
SYM 440
SYM 441
SYS 442
SYM 443
SYS 444
USR 445
SYM 446
NUM 447
SYM 448
USR 449
SYM 450
USR 451
SYM 452
USR 453
SYM 454
SYM 455
SYM 456
SYS 457
USR 458
SYM 459
USR 460
SYM 461
USR 462
SYM 463
USR 464
SYM 465
USR 466
SYM 467
USR 468
SYM 469
SYM 470
SYS 471
USR 472
SYM 473
USR 474
SYM 475
USR 476
SYM 477
USR 478
SYM 479
USR 480
SYM 481
USR 482
SYM 483
SYM 484
SYS 485
USR 486
SYM 487
USR 488
SYM 489
USR 490
SYM 491
USR 492
SYM 493
USR 494
SYM 495
USR 496
SYM 497
NUM 498
SYM 499
SYM 500
SYS 501
USR 502
SYM 503
USR 504
SYM 505
USR 506
SYM 507
USR 508
SYM 509
USR 510
SYM 511
USR 512
SYM 513
NUM 514
SYM 515
SYM 516
SYS 517
USR 518
SYM 519
USR 520
SYM 521
USR 522
SYM 523
USR 524
SYM 525
USR 526
SYM 527
NUM 528
SYM 529
USR 530
SYM 531
SYM 532
SYS 533
USR 534
SYM 535
USR 536
SYM 537
USR 538
SYM 539
USR 540
SYM 541
USR 542
SYM 543
NUM 544
SYM 545
USR 546
SYM 547
SYM 548
USR 549
SYM 550
USR 551
SYM 552
SYM 553
USR 554
SYM 555
SYM 556
NUM 557
SYM 558
SYS 559
SYM 560
USR 561
SYM 562
SYM 563
NUM 564
SYM 565
USR 566
SYM 567
USR 568
SYM 569
SYM 570
USR 571
SYM 572
SYM 573
NUM 574
SYM 575
SYS 576
SYM 577
USR 578
SYM 579
SYM 580
NUM 581
SYM 582
USR 583
SYM 584
USR 585
SYM 586
SYM 587
USR 588
SYM 589
SYM 590
NUM 591
SYM 592
SYS 593
SYM 594
USR 595
SYM 596
SYM 597
NUM 598
SYM 599
USR 600
SYM 601
USR 602
SYM 603
SYM 604
USR 605
SYM 606
SYM 607
NUM 608
SYM 609
SYS 610
SYM 611
USR 612
SYM 613
SYM 614
NUM 615
SYM 616
USR 617
SYM 618
USR 619
SYM 620
SYM 621
USR 622
SYM 623
SYM 624
NUM 625
SYM 626
SYM 627
SYM 628
SYM 629
